<?xml version="1.0" encoding="UTF-8"?>
<testsuite name="PushDownTest" tests="5" skipped="0" failures="0" errors="0" timestamp="2024-03-20T16:45:30" hostname="NELAPTOP" time="7.492">
  <properties/>
  <testcase name="catClassTest()" classname="PushDownTest" time="0.631"/>
  <testcase name="animalClassTest()" classname="PushDownTest" time="0.002"/>
  <testcase name="dogClassTest()" classname="PushDownTest" time="0.008"/>
  <testcase name="testPushDownBarkMethod()" classname="PushDownTest" time="6.441"/>
  <testcase name="testPushDownMeowMethod()" classname="PushDownTest" time="0.403"/>
  <system-out><![CDATA[]]></system-out>
  <system-err><![CDATA[]]></system-err>
</testsuite>
