<?xml version="1.0" encoding="UTF-8"?>
<testsuite name="MiddleManTest" tests="2" skipped="0" failures="0" errors="0" timestamp="2024-03-20T17:31:28" hostname="NELAPTOP" time="7.56">
  <properties/>
  <testcase name="testMethodCallExists()" classname="MiddleManTest" time="7.0"/>
  <testcase name="testMiddleManClassRemoved()" classname="MiddleManTest" time="0.559"/>
  <system-out><![CDATA[]]></system-out>
  <system-err><![CDATA[]]></system-err>
</testsuite>
