<?xml version="1.0" encoding="UTF-8"?>
<testsuite name="ExtractingTest" tests="1" skipped="0" failures="0" errors="0" timestamp="2024-03-20T16:53:35" hostname="NELAPTOP" time="7.342">
  <properties/>
  <testcase name="testExtractedFunction()" classname="ExtractingTest" time="7.342"/>
  <system-out><![CDATA[]]></system-out>
  <system-err><![CDATA[]]></system-err>
</testsuite>
