<?xml version="1.0" encoding="UTF-8"?>
<testsuite name="ReformatCodeWithoutIDETest" tests="1" skipped="0" failures="0" errors="0" timestamp="2024-03-20T15:34:26" hostname="NELAPTOP" time="10.52">
  <properties/>
  <testcase name="testSolutionIsFormatted()" classname="ReformatCodeWithoutIDETest" time="10.52"/>
  <system-out><![CDATA[]]></system-out>
  <system-err><![CDATA[]]></system-err>
</testsuite>
