<?xml version="1.0" encoding="UTF-8"?>
<testsuite name="IdentifyIssuesInCodeSnippetTest" tests="2" skipped="0" failures="0" errors="0" timestamp="2024-03-20T15:28:13" hostname="NELAPTOP" time="7.32">
  <properties/>
  <testcase name="testMethodAndParametersRenamed()" classname="IdentifyIssuesInCodeSnippetTest" time="6.832"/>
  <testcase name="testRedundantVariablesRemoved()" classname="IdentifyIssuesInCodeSnippetTest" time="0.486"/>
  <system-out><![CDATA[]]></system-out>
  <system-err><![CDATA[]]></system-err>
</testsuite>
