<?xml version="1.0" encoding="UTF-8"?>
<testsuite name="MovingTest" tests="4" skipped="0" failures="0" errors="0" timestamp="2024-03-20T16:33:06" hostname="NELAPTOP" time="6.543">
  <properties/>
  <testcase name="testStartMethodMovedToCarClass()" classname="MovingTest" time="6.149"/>
  <testcase name="carClassTest()" classname="MovingTest" time="0.12"/>
  <testcase name="driverClassTest()" classname="MovingTest" time="0.007"/>
  <testcase name="testStopMethodMovedToCarClass()" classname="MovingTest" time="0.264"/>
  <system-out><![CDATA[]]></system-out>
  <system-err><![CDATA[]]></system-err>
</testsuite>
