<?xml version="1.0" encoding="UTF-8"?>
<testsuite name="ReformatCodeTest" tests="2" skipped="0" failures="0" errors="0" timestamp="2024-03-20T15:38:04" hostname="NELAPTOP" time="7.218">
  <properties/>
  <testcase name="testSolutionIsFormatted()" classname="ReformatCodeTest" time="6.596"/>
  <testcase name="testUnusedImportsAreRemoved()" classname="ReformatCodeTest" time="0.62"/>
  <system-out><![CDATA[]]></system-out>
  <system-err><![CDATA[]]></system-err>
</testsuite>
