<?xml version="1.0" encoding="UTF-8"?>
<testsuite name="RenamingTest" tests="3" skipped="0" failures="0" errors="0" timestamp="2024-03-20T16:06:10" hostname="NELAPTOP" time="10.91">
  <properties/>
  <testcase name="testRenamingMethodNames()" classname="RenamingTest" time="10.42"/>
  <testcase name="studentClassTest()" classname="RenamingTest" time="0.18"/>
  <testcase name="test()" classname="RenamingTest" time="0.305"/>
  <system-out><![CDATA[]]></system-out>
  <system-err><![CDATA[]]></system-err>
</testsuite>
