<?xml version="1.0" encoding="UTF-8"?>
<testsuite name="ExtractMagicNumbersTest" tests="1" skipped="0" failures="0" errors="0" timestamp="2024-03-20T17:02:16" hostname="NELAPTOP" time="6.377">
  <properties/>
  <testcase name="testExtractedConstant()" classname="ExtractMagicNumbersTest" time="6.377"/>
  <system-out><![CDATA[]]></system-out>
  <system-err><![CDATA[]]></system-err>
</testsuite>
