<?xml version="1.0" encoding="UTF-8"?>
<testsuite name="FactoryMethodPatternTest" tests="2" skipped="0" failures="0" errors="0" timestamp="2024-03-20T21:09:53" hostname="NELAPTOP" time="9.435">
  <properties/>
  <testcase name="testAddedInvocationOfGetTransportationMethodInMainMethod()" classname="FactoryMethodPatternTest" time="9.367"/>
  <testcase name="transportationServiceFactoryClassTest()" classname="FactoryMethodPatternTest" time="0.067"/>
  <system-out><![CDATA[]]></system-out>
  <system-err><![CDATA[]]></system-err>
</testsuite>
